<?xml version="1.0" encoding="UTF-8"?>
<!-- Generated by org.testng.reporters.JUnitReportReporter -->
<testsuite hostname="Pratik" failures="0" tests="1" name="make_my_trip.Task" time="9.809" errors="0" timestamp="2024-07-08T16:58:55 IST" skipped="0">
  <testcase classname="make_my_trip.Task" name="tasks" time="9.809"/>
  <system-out/>
</testsuite> <!-- make_my_trip.Task -->
